<?xml version="1.0" encoding="UTF-8"?>
<testsuite name="com.thoughtworks.integrationTest.FizzBuzzGameIntegrationTest" tests="1" skipped="0" failures="0" errors="0" timestamp="2018-04-16T12:47:31" hostname="DESKTOP-Q8J7T3P" time="0.011">
  <properties/>
  <testcase name="testFizzBuzzGameResults" classname="com.thoughtworks.integrationTest.FizzBuzzGameIntegrationTest" time="0.011"/>
  <system-out><![CDATA[]]></system-out>
  <system-err><![CDATA[]]></system-err>
</testsuite>
